# JRE version: Java(TM) SE Runtime Environment (8.0_101-b13) (build 1.8.0_101-b13)
# Java VM: Java HotSpot(TM) 64-Bit Server VM (25.101-b13 mixed mode linux-amd64 compressed oops)
Heap:
 PSYoungGen      total 57856K, used 5207K [0x00000000ec000000, 0x00000000f1d00000, 0x0000000100000000)
  eden space 40448K, 5% used [0x00000000ec000000,0x00000000ec21c338,0x00000000ee780000)
  from space 17408K, 17% used [0x00000000ee780000,0x00000000eea79bf8,0x00000000ef880000)
  to   space 17408K, 0% used [0x00000000f0c00000,0x00000000f0c00000,0x00000000f1d00000)
 ParOldGen       total 58368K, used 26782K [0x00000000c4000000, 0x00000000c7900000, 0x00000000ec000000)
  object space 58368K, 45% used [0x00000000c4000000,0x00000000c5a27a20,0x00000000c7900000)
 Metaspace       used 27260K, capacity 28208K, committed 28416K, reserved 1073152K
  class space    used 3541K, capacity 3787K, committed 3840K, reserved 1048576K
GC Heap History (10 events):
Event: 261.906 GC heap before
{Heap before GC invocations=11 (full 2):
 PSYoungGen      total 32256K, used 10520K [0x00000000ec000000, 0x00000000ef780000, 0x0000000100000000)
  eden space 19456K, 0% used [0x00000000ec000000,0x00000000ec000000,0x00000000ed300000)
  from space 12800K, 82% used [0x00000000ed300000,0x00000000edd46310,0x00000000edf80000)
  to   space 14336K, 0% used [0x00000000ee980000,0x00000000ee980000,0x00000000ef780000)
 ParOldGen       total 34816K, used 27972K [0x00000000c4000000, 0x00000000c6200000, 0x00000000ec000000)
  object space 34816K, 80% used [0x00000000c4000000,0x00000000c5b51298,0x00000000c6200000)
 Metaspace       used 26667K, capacity 27582K, committed 27904K, reserved 1073152K
  class space    used 3501K, capacity 3740K, committed 3840K, reserved 1048576K
Event: 261.934 GC heap after
Heap after GC invocations=11 (full 2):
 PSYoungGen      total 32256K, used 0K [0x00000000ec000000, 0x00000000ef780000, 0x0000000100000000)
  eden space 19456K, 0% used [0x00000000ec000000,0x00000000ec000000,0x00000000ed300000)
  from space 12800K, 0% used [0x00000000ed300000,0x00000000ed300000,0x00000000edf80000)
  to   space 14336K, 0% used [0x00000000ee980000,0x00000000ee980000,0x00000000ef780000)
 ParOldGen       total 58368K, used 21769K [0x00000000c4000000, 0x00000000c7900000, 0x00000000ec000000)
  object space 58368K, 37% used [0x00000000c4000000,0x00000000c55424a0,0x00000000c7900000)
 Metaspace       used 26667K, capacity 27582K, committed 27904K, reserved 1073152K
  class space    used 3501K, capacity 3740K, committed 3840K, reserved 1048576K
}
Event: 262.160 GC heap before
{Heap before GC invocations=12 (full 2):
 PSYoungGen      total 32256K, used 19076K [0x00000000ec000000, 0x00000000ef780000, 0x0000000100000000)
  eden space 19456K, 98% used [0x00000000ec000000,0x00000000ed2a1300,0x00000000ed300000)
  from space 12800K, 0% used [0x00000000ed300000,0x00000000ed300000,0x00000000edf80000)
  to   space 14336K, 0% used [0x00000000ee980000,0x00000000ee980000,0x00000000ef780000)
 ParOldGen       total 58368K, used 21769K [0x00000000c4000000, 0x00000000c7900000, 0x00000000ec000000)
  object space 58368K, 37% used [0x00000000c4000000,0x00000000c55424a0,0x00000000c7900000)
 Metaspace       used 26667K, capacity 27582K, committed 27904K, reserved 1073152K
  class space    used 3501K, capacity 3740K, committed 3840K, reserved 1048576K
Event: 262.175 GC heap after
Heap after GC invocations=12 (full 2):
 PSYoungGen      total 41984K, used 10990K [0x00000000ec000000, 0x00000000efa00000, 0x0000000100000000)
  eden space 27648K, 0% used [0x00000000ec000000,0x00000000ec000000,0x00000000edb00000)
  from space 14336K, 76% used [0x00000000ee980000,0x00000000ef43bb10,0x00000000ef780000)
  to   space 14848K, 0% used [0x00000000edb00000,0x00000000edb00000,0x00000000ee980000)
 ParOldGen       total 58368K, used 21769K [0x00000000c4000000, 0x00000000c7900000, 0x00000000ec000000)
  object space 58368K, 37% used [0x00000000c4000000,0x00000000c55424a0,0x00000000c7900000)
 Metaspace       used 26667K, capacity 27582K, committed 27904K, reserved 1073152K
  class space    used 3501K, capacity 3740K, committed 3840K, reserved 1048576K
}
Event: 262.692 GC heap before
{Heap before GC invocations=13 (full 2):
 PSYoungGen      total 41984K, used 37683K [0x00000000ec000000, 0x00000000efa00000, 0x0000000100000000)
  eden space 27648K, 96% used [0x00000000ec000000,0x00000000eda113d0,0x00000000edb00000)
  from space 14336K, 76% used [0x00000000ee980000,0x00000000ef43bb10,0x00000000ef780000)
  to   space 14848K, 0% used [0x00000000edb00000,0x00000000edb00000,0x00000000ee980000)
 ParOldGen       total 58368K, used 21769K [0x00000000c4000000, 0x00000000c7900000, 0x00000000ec000000)
  object space 58368K, 37% used [0x00000000c4000000,0x00000000c55424a0,0x00000000c7900000)
 Metaspace       used 26697K, capacity 27646K, committed 27904K, reserved 1073152K
  class space    used 3501K, capacity 3740K, committed 3840K, reserved 1048576K
Event: 262.697 GC heap after
Heap after GC invocations=13 (full 2):
 PSYoungGen      total 42496K, used 10990K [0x00000000ec000000, 0x00000000f0800000, 0x0000000100000000)
  eden space 27648K, 0% used [0x00000000ec000000,0x00000000ec000000,0x00000000edb00000)
  from space 14848K, 74% used [0x00000000edb00000,0x00000000ee5bbb10,0x00000000ee980000)
  to   space 15872K, 0% used [0x00000000ef880000,0x00000000ef880000,0x00000000f0800000)
 ParOldGen       total 58368K, used 25858K [0x00000000c4000000, 0x00000000c7900000, 0x00000000ec000000)
  object space 58368K, 44% used [0x00000000c4000000,0x00000000c5940a10,0x00000000c7900000)
 Metaspace       used 26697K, capacity 27646K, committed 27904K, reserved 1073152K
  class space    used 3501K, capacity 3740K, committed 3840K, reserved 1048576K
}
Event: 263.228 GC heap before
{Heap before GC invocations=14 (full 2):
 PSYoungGen      total 42496K, used 37722K [0x00000000ec000000, 0x00000000f0800000, 0x0000000100000000)
  eden space 27648K, 96% used [0x00000000ec000000,0x00000000eda1adc8,0x00000000edb00000)
  from space 14848K, 74% used [0x00000000edb00000,0x00000000ee5bbb10,0x00000000ee980000)
  to   space 15872K, 0% used [0x00000000ef880000,0x00000000ef880000,0x00000000f0800000)
 ParOldGen       total 58368K, used 25858K [0x00000000c4000000, 0x00000000c7900000, 0x00000000ec000000)
  object space 58368K, 44% used [0x00000000c4000000,0x00000000c5940a10,0x00000000c7900000)
 Metaspace       used 26707K, capacity 27650K, committed 27904K, reserved 1073152K
  class space    used 3501K, capacity 3740K, committed 3840K, reserved 1048576K
Event: 263.244 GC heap after
Heap after GC invocations=14 (full 2):
 PSYoungGen      total 56320K, used 14204K [0x00000000ec000000, 0x00000000f0b00000, 0x0000000100000000)
  eden space 40448K, 0% used [0x00000000ec000000,0x00000000ec000000,0x00000000ee780000)
  from space 15872K, 89% used [0x00000000ef880000,0x00000000f065f070,0x00000000f0800000)
  to   space 17408K, 0% used [0x00000000ee780000,0x00000000ee780000,0x00000000ef880000)
 ParOldGen       total 58368K, used 25866K [0x00000000c4000000, 0x00000000c7900000, 0x00000000ec000000)
  object space 58368K, 44% used [0x00000000c4000000,0x00000000c5942a10,0x00000000c7900000)
 Metaspace       used 26707K, capacity 27650K, committed 27904K, reserved 1073152K
  class space    used 3501K, capacity 3740K, committed 3840K, reserved 1048576K
}
Event: 13178.968 GC heap before
{Heap before GC invocations=15 (full 2):
 PSYoungGen      total 56320K, used 54652K [0x00000000ec000000, 0x00000000f0b00000, 0x0000000100000000)
  eden space 40448K, 100% used [0x00000000ec000000,0x00000000ee780000,0x00000000ee780000)
  from space 15872K, 89% used [0x00000000ef880000,0x00000000f065f070,0x00000000f0800000)
  to   space 17408K, 0% used [0x00000000ee780000,0x00000000ee780000,0x00000000ef880000)
 ParOldGen       total 58368K, used 25866K [0x00000000c4000000, 0x00000000c7900000, 0x00000000ec000000)
  object space 58368K, 44% used [0x00000000c4000000,0x00000000c5942a10,0x00000000c7900000)
 Metaspace       used 27259K, capacity 28208K, committed 28416K, reserved 1073152K
  class space    used 3540K, capacity 3787K, committed 3840K, reserved 1048576K
Event: 13189.652 GC heap after
Heap after GC invocations=15 (full 2):
 PSYoungGen      total 57856K, used 3046K [0x00000000ec000000, 0x00000000f1d00000, 0x0000000100000000)
  eden space 40448K, 0% used [0x00000000ec000000,0x00000000ec000000,0x00000000ee780000)
  from space 17408K, 17% used [0x00000000ee780000,0x00000000eea79bf8,0x00000000ef880000)
  to   space 17408K, 0% used [0x00000000f0c00000,0x00000000f0c00000,0x00000000f1d00000)
 ParOldGen       total 58368K, used 26782K [0x00000000c4000000, 0x00000000c7900000, 0x00000000ec000000)
  object space 58368K, 45% used [0x00000000c4000000,0x00000000c5a27a20,0x00000000c7900000)
 Metaspace       used 27259K, capacity 28208K, committed 28416K, reserved 1073152K
  class space    used 3540K, capacity 3787K, committed 3840K, reserved 1048576K
}

